2025-08-23 02:20:27,924 - fintelliug - ERROR - Failed to initialize ChromaDB: sentence-transformers/text-embedding-ada-002 is not a local folder and is not a valid model identifier listed on 'https://huggingface.co/models'
If this is a private repository, make sure to pass a token having permission to this repo either by logging in with `hf auth login` or by passing `token=<your_token>`
2025-08-23 02:20:30,857 - fintelliug - ERROR - Failed to initialize ChromaDB: sentence-transformers/text-embedding-ada-002 is not a local folder and is not a valid model identifier listed on 'https://huggingface.co/models'
If this is a private repository, make sure to pass a token having permission to this repo either by logging in with `hf auth login` or by passing `token=<your_token>`
2025-08-23 02:20:34,076 - fintelliug - INFO - Reddit client initialized successfully
2025-08-23 02:20:34,703 - fintelliug - ERROR - Failed to initialize ChromaDB: sentence-transformers/text-embedding-ada-002 is not a local folder and is not a valid model identifier listed on 'https://huggingface.co/models'
If this is a private repository, make sure to pass a token having permission to this repo either by logging in with `hf auth login` or by passing `token=<your_token>`
2025-08-23 02:20:34,714 - fintelliug - INFO - CompetitorAnalysisAgent initialized
2025-08-23 02:20:34,718 - fintelliug - INFO - Reddit client initialized successfully
2025-08-23 02:24:57,164 - fintelliug - ERROR - Failed to initialize ChromaDB: sentence-transformers/text-embedding-ada-002 is not a local folder and is not a valid model identifier listed on 'https://huggingface.co/models'
If this is a private repository, make sure to pass a token having permission to this repo either by logging in with `hf auth login` or by passing `token=<your_token>`
2025-08-23 02:24:57,812 - fintelliug - ERROR - Failed to initialize ChromaDB: sentence-transformers/text-embedding-ada-002 is not a local folder and is not a valid model identifier listed on 'https://huggingface.co/models'
If this is a private repository, make sure to pass a token having permission to this repo either by logging in with `hf auth login` or by passing `token=<your_token>`
2025-08-23 02:24:57,847 - fintelliug - INFO - Reddit client initialized successfully
2025-08-23 02:24:58,438 - fintelliug - ERROR - Failed to initialize ChromaDB: sentence-transformers/text-embedding-ada-002 is not a local folder and is not a valid model identifier listed on 'https://huggingface.co/models'
If this is a private repository, make sure to pass a token having permission to this repo either by logging in with `hf auth login` or by passing `token=<your_token>`
2025-08-23 02:24:58,444 - fintelliug - INFO - CompetitorAnalysisAgent initialized
2025-08-23 02:24:58,448 - fintelliug - INFO - Reddit client initialized successfully
2025-08-23 02:25:24,194 - fintelliug - ERROR - Failed to initialize ChromaDB: sentence-transformers/text-embedding-ada-002 is not a local folder and is not a valid model identifier listed on 'https://huggingface.co/models'
If this is a private repository, make sure to pass a token having permission to this repo either by logging in with `hf auth login` or by passing `token=<your_token>`
2025-08-23 02:25:24,839 - fintelliug - ERROR - Failed to initialize ChromaDB: sentence-transformers/text-embedding-ada-002 is not a local folder and is not a valid model identifier listed on 'https://huggingface.co/models'
If this is a private repository, make sure to pass a token having permission to this repo either by logging in with `hf auth login` or by passing `token=<your_token>`
2025-08-23 02:25:24,856 - fintelliug - INFO - Reddit client initialized successfully
2025-08-23 02:25:25,472 - fintelliug - ERROR - Failed to initialize ChromaDB: sentence-transformers/text-embedding-ada-002 is not a local folder and is not a valid model identifier listed on 'https://huggingface.co/models'
If this is a private repository, make sure to pass a token having permission to this repo either by logging in with `hf auth login` or by passing `token=<your_token>`
2025-08-23 02:25:25,484 - fintelliug - INFO - CompetitorAnalysisAgent initialized
2025-08-23 02:25:25,489 - fintelliug - INFO - Reddit client initialized successfully
2025-08-23 02:25:30,164 - fintelliug - INFO - Collected 2 posts from Reddit
2025-08-23 02:25:41,440 - fintelliug - WARNING - Cannot add documents - ChromaDB not initialized
2025-08-23 02:25:43,185 - fintelliug - WARNING - Cannot add documents - ChromaDB not initialized
2025-08-23 02:39:43,474 - fintelliug - ERROR - Failed to initialize ChromaDB: sentence-transformers/text-embedding-ada-002 is not a local folder and is not a valid model identifier listed on 'https://huggingface.co/models'
If this is a private repository, make sure to pass a token having permission to this repo either by logging in with `hf auth login` or by passing `token=<your_token>`
2025-08-23 02:39:44,924 - fintelliug - ERROR - Failed to initialize ChromaDB: sentence-transformers/text-embedding-ada-002 is not a local folder and is not a valid model identifier listed on 'https://huggingface.co/models'
If this is a private repository, make sure to pass a token having permission to this repo either by logging in with `hf auth login` or by passing `token=<your_token>`
2025-08-23 02:39:45,036 - fintelliug - INFO - Reddit client initialized successfully
2025-08-23 02:39:45,738 - fintelliug - ERROR - Failed to initialize ChromaDB: sentence-transformers/text-embedding-ada-002 is not a local folder and is not a valid model identifier listed on 'https://huggingface.co/models'
If this is a private repository, make sure to pass a token having permission to this repo either by logging in with `hf auth login` or by passing `token=<your_token>`
2025-08-23 02:39:45,751 - fintelliug - INFO - CompetitorAnalysisAgent initialized
2025-08-23 02:39:45,753 - fintelliug - INFO - Reddit client initialized successfully
2025-08-23 02:39:50,297 - fintelliug - WARNING - ChromaDB not initialized - returning empty results
2025-08-23 02:39:50,298 - fintelliug - WARNING - ChromaDB not initialized - returning empty results
2025-08-23 02:39:50,299 - fintelliug - WARNING - ChromaDB not initialized - returning empty results
2025-08-23 02:39:50,300 - fintelliug - WARNING - ChromaDB not initialized - returning empty results
2025-08-23 02:39:50,300 - fintelliug - WARNING - ChromaDB not initialized - returning empty results
2025-08-23 02:39:50,301 - fintelliug - WARNING - ChromaDB not initialized - returning empty results
2025-08-23 02:39:50,301 - fintelliug - WARNING - ChromaDB not initialized - returning empty results
2025-08-23 02:39:50,302 - fintelliug - WARNING - ChromaDB not initialized - returning empty results
2025-08-23 02:40:36,650 - fintelliug - ERROR - Failed to initialize ChromaDB: sentence-transformers/text-embedding-ada-002 is not a local folder and is not a valid model identifier listed on 'https://huggingface.co/models'
If this is a private repository, make sure to pass a token having permission to this repo either by logging in with `hf auth login` or by passing `token=<your_token>`
2025-08-23 02:40:37,294 - fintelliug - ERROR - Failed to initialize ChromaDB: sentence-transformers/text-embedding-ada-002 is not a local folder and is not a valid model identifier listed on 'https://huggingface.co/models'
If this is a private repository, make sure to pass a token having permission to this repo either by logging in with `hf auth login` or by passing `token=<your_token>`
2025-08-23 02:40:37,308 - fintelliug - INFO - Reddit client initialized successfully
2025-08-23 02:40:37,878 - fintelliug - ERROR - Failed to initialize ChromaDB: sentence-transformers/text-embedding-ada-002 is not a local folder and is not a valid model identifier listed on 'https://huggingface.co/models'
If this is a private repository, make sure to pass a token having permission to this repo either by logging in with `hf auth login` or by passing `token=<your_token>`
2025-08-23 02:40:37,891 - fintelliug - INFO - CompetitorAnalysisAgent initialized
2025-08-23 02:40:37,893 - fintelliug - INFO - Reddit client initialized successfully
2025-08-23 02:40:38,572 - fintelliug - ERROR - Failed to initialize ChromaDB: sentence-transformers/text-embedding-ada-002 is not a local folder and is not a valid model identifier listed on 'https://huggingface.co/models'
If this is a private repository, make sure to pass a token having permission to this repo either by logging in with `hf auth login` or by passing `token=<your_token>`
2025-08-23 02:40:39,188 - fintelliug - ERROR - Failed to initialize ChromaDB: sentence-transformers/text-embedding-ada-002 is not a local folder and is not a valid model identifier listed on 'https://huggingface.co/models'
If this is a private repository, make sure to pass a token having permission to this repo either by logging in with `hf auth login` or by passing `token=<your_token>`
2025-08-23 02:40:39,212 - fintelliug - INFO - CompetitorAnalysisAgent initialized
2025-08-23 02:40:39,845 - fintelliug - ERROR - Failed to initialize ChromaDB: sentence-transformers/text-embedding-ada-002 is not a local folder and is not a valid model identifier listed on 'https://huggingface.co/models'
If this is a private repository, make sure to pass a token having permission to this repo either by logging in with `hf auth login` or by passing `token=<your_token>`
2025-08-23 02:40:39,871 - fintelliug - INFO - CoordinatorAgent initialized
2025-08-23 02:40:42,106 - fintelliug - ERROR - Failed to initialize ChromaDB: sentence-transformers/text-embedding-ada-002 is not a local folder and is not a valid model identifier listed on 'https://huggingface.co/models'
If this is a private repository, make sure to pass a token having permission to this repo either by logging in with `hf auth login` or by passing `token=<your_token>`
2025-08-23 02:40:42,137 - fintelliug - INFO - Reddit client initialized successfully
2025-08-23 02:40:43,125 - fintelliug - WARNING - Cannot add documents - ChromaDB not initialized
2025-08-23 02:40:44,700 - fintelliug - WARNING - Cannot add documents - ChromaDB not initialized
2025-08-23 02:41:26,157 - fintelliug - ERROR - Failed to initialize ChromaDB: sentence-transformers/text-embedding-ada-002 is not a local folder and is not a valid model identifier listed on 'https://huggingface.co/models'
If this is a private repository, make sure to pass a token having permission to this repo either by logging in with `hf auth login` or by passing `token=<your_token>`
2025-08-23 02:41:26,768 - fintelliug - ERROR - Failed to initialize ChromaDB: sentence-transformers/text-embedding-ada-002 is not a local folder and is not a valid model identifier listed on 'https://huggingface.co/models'
If this is a private repository, make sure to pass a token having permission to this repo either by logging in with `hf auth login` or by passing `token=<your_token>`
2025-08-23 02:41:26,773 - fintelliug - INFO - Reddit client initialized successfully
2025-08-23 02:41:27,648 - fintelliug - ERROR - Failed to initialize ChromaDB: sentence-transformers/text-embedding-ada-002 is not a local folder and is not a valid model identifier listed on 'https://huggingface.co/models'
If this is a private repository, make sure to pass a token having permission to this repo either by logging in with `hf auth login` or by passing `token=<your_token>`
2025-08-23 02:41:27,676 - fintelliug - INFO - CompetitorAnalysisAgent initialized
2025-08-23 02:41:27,678 - fintelliug - INFO - Reddit client initialized successfully
2025-08-23 02:41:32,189 - fintelliug - INFO - Collected 2 posts from Reddit
2025-08-23 02:41:32,903 - fintelliug - WARNING - Cannot add documents - ChromaDB not initialized
2025-08-23 02:41:33,282 - fintelliug - WARNING - Cannot add documents - ChromaDB not initialized
